2018/09/14 16:34:37 にビルドを開始しました。
     1>ノード 2 上のプロジェクト "C:\Users\dere\Desktop\Rayぶち込み\_TA_\TA\TA.vcxproj" (Build ターゲット)。
     1>ClCompile:
         C:\Program Files (x86)\Microsoft Visual Studio 12.0\VC\bin\CL.exe /c /ZI /nologo /W3 /WX- /sdl /Od /Oy- /D _MBCS /Gm /EHsc /RTC1 /MDd /GS /fp:precise /Zc:wchar_t /Zc:forScope /Fo"Debug\\" /Fd"Debug\vc120.pdb" /Gd /TP /analyze- /errorReport:prompt Source\Main.cpp
         Main.cpp
     1>c:\users\dere\desktop\rayぶち込み\_ta_\ta\source\position.h(58): warning C4244: '初期化中' : 'double' から 'const float' への変換です。データが失われる可能性があります。
     1>c:\users\dere\desktop\rayぶち込み\_ta_\ta\source\main.cpp(76): warning C4244: '引数' : 'double' から 'FLOAT' への変換です。データが失われる可能性があります。
     1>c:\users\dere\desktop\rayぶち込み\_ta_\ta\source\main.cpp(77): warning C4244: '引数' : 'double' から 'FLOAT' への変換です。データが失われる可能性があります。
     1>c:\users\dere\desktop\rayぶち込み\_ta_\ta\source\main.cpp(78): warning C4244: '引数' : 'double' から 'FLOAT' への変換です。データが失われる可能性があります。
     1>c:\users\dere\desktop\rayぶち込み\_ta_\ta\source\main.cpp(79): warning C4244: '引数' : 'double' から 'FLOAT' への変換です。データが失われる可能性があります。
     1>c:\users\dere\desktop\rayぶち込み\_ta_\ta\source\main.cpp(80): warning C4244: '引数' : 'double' から 'FLOAT' への変換です。データが失われる可能性があります。
     1>c:\users\dere\desktop\rayぶち込み\_ta_\ta\source\main.cpp(602): warning C4244: '-=' : 'double' から 'float' への変換です。データが失われる可能性があります。
     1>c:\users\dere\desktop\rayぶち込み\_ta_\ta\source\main.cpp(606): warning C4244: '-=' : 'double' から 'float' への変換です。データが失われる可能性があります。
     1>c:\users\dere\desktop\rayぶち込み\_ta_\ta\source\main.cpp(624): warning C4244: '-=' : 'double' から 'float' への変換です。データが失われる可能性があります。
     1>c:\users\dere\desktop\rayぶち込み\_ta_\ta\source\main.cpp(628): warning C4244: '-=' : 'double' から 'float' への変換です。データが失われる可能性があります。
     1>c:\users\dere\desktop\rayぶち込み\_ta_\ta\source\main.cpp(631): warning C4244: '=' : 'double' から 'float' への変換です。データが失われる可能性があります。
     1>c:\users\dere\desktop\rayぶち込み\_ta_\ta\source\main.cpp(646): warning C4244: '-=' : 'double' から 'float' への変換です。データが失われる可能性があります。
     1>c:\users\dere\desktop\rayぶち込み\_ta_\ta\source\main.cpp(650): warning C4244: '+=' : 'double' から 'float' への変換です。データが失われる可能性があります。
     1>c:\users\dere\desktop\rayぶち込み\_ta_\ta\source\main.cpp(918): warning C4244: '=' : 'float' から 'int' への変換です。データが失われる可能性があります。
     1>c:\users\dere\desktop\rayぶち込み\_ta_\ta\source\main.cpp(919): warning C4244: '=' : 'float' から 'int' への変換です。データが失われる可能性があります。
     1>c:\users\dere\desktop\rayぶち込み\_ta_\ta\source\main.cpp(920): warning C4244: '=' : 'float' から 'int' への変換です。データが失われる可能性があります。
     1>c:\users\dere\desktop\rayぶち込み\_ta_\ta\source\main.cpp(921): warning C4244: '=' : 'float' から 'int' への変換です。データが失われる可能性があります。
     1>c:\users\dere\desktop\rayぶち込み\_ta_\ta\source\main.cpp(924): warning C4305: '+=' : 'double' から 'float' へ切り詰めます。
     1>c:\users\dere\desktop\rayぶち込み\_ta_\ta\source\main.cpp(929): warning C4305: '-=' : 'double' から 'float' へ切り詰めます。
     1>c:\users\dere\desktop\rayぶち込み\_ta_\ta\source\main.cpp(935): warning C4305: '+=' : 'double' から 'float' へ切り詰めます。
     1>c:\users\dere\desktop\rayぶち込み\_ta_\ta\source\main.cpp(940): warning C4305: '-=' : 'double' から 'float' へ切り詰めます。
     1>c:\users\dere\desktop\rayぶち込み\_ta_\ta\source\main.cpp(959): warning C4244: '=' : 'float' から 'int' への変換です。データが失われる可能性があります。
     1>c:\users\dere\desktop\rayぶち込み\_ta_\ta\source\main.cpp(960): warning C4244: '=' : 'float' から 'int' への変換です。データが失われる可能性があります。
     1>c:\users\dere\desktop\rayぶち込み\_ta_\ta\source\main.cpp(961): warning C4244: '=' : 'float' から 'int' への変換です。データが失われる可能性があります。
     1>c:\users\dere\desktop\rayぶち込み\_ta_\ta\source\main.cpp(962): warning C4244: '=' : 'float' から 'int' への変換です。データが失われる可能性があります。
     1>c:\users\dere\desktop\rayぶち込み\_ta_\ta\source\main.cpp(965): warning C4305: '+=' : 'double' から 'float' へ切り詰めます。
     1>c:\users\dere\desktop\rayぶち込み\_ta_\ta\source\main.cpp(970): warning C4305: '-=' : 'double' から 'float' へ切り詰めます。
     1>c:\users\dere\desktop\rayぶち込み\_ta_\ta\source\main.cpp(976): warning C4305: '+=' : 'double' から 'float' へ切り詰めます。
     1>c:\users\dere\desktop\rayぶち込み\_ta_\ta\source\main.cpp(981): warning C4305: '-=' : 'double' から 'float' へ切り詰めます。
     1>c:\users\dere\desktop\rayぶち込み\_ta_\ta\source\main.cpp(1180): warning C4305: '-=' : 'double' から 'float' へ切り詰めます。
     1>c:\users\dere\desktop\rayぶち込み\_ta_\ta\source\main.cpp(1274): warning C4305: '+=' : 'double' から 'float' へ切り詰めます。
     1>c:\users\dere\desktop\rayぶち込み\_ta_\ta\source\main.cpp(1277): warning C4244: '-=' : 'double' から 'float' への変換です。データが失われる可能性があります。
     1>c:\users\dere\desktop\rayぶち込み\_ta_\ta\source\main.cpp(1289): warning C4305: '+=' : 'double' から 'float' へ切り詰めます。
     1>c:\users\dere\desktop\rayぶち込み\_ta_\ta\source\main.cpp(1347): warning C4305: '引数' : 'double' から 'FLOAT' へ切り詰めます。
     1>c:\users\dere\desktop\rayぶち込み\_ta_\ta\source\main.cpp(1741): warning C4805: '==' : 演算中の 'BOOL' 型と 'bool' 型の混用は安全ではありません
       Link:
         C:\Program Files (x86)\Microsoft Visual Studio 12.0\VC\bin\link.exe /ERRORREPORT:PROMPT /OUT:"C:\Users\dere\Desktop\Rayぶち込み\_TA_\Debug\TA.exe" /INCREMENTAL /NOLOGO kernel32.lib user32.lib gdi32.lib winspool.lib comdlg32.lib advapi32.lib shell32.lib ole32.lib oleaut32.lib uuid.lib odbc32.lib odbccp32.lib /MANIFEST /MANIFESTUAC:"level='asInvoker' uiAccess='false'" /manifest:embed /DEBUG /PDB:"C:\Users\dere\Desktop\Rayぶち込み\_TA_\Debug\TA.pdb" /TLBID:1 /DYNAMICBASE /NXCOMPAT /IMPLIB:"C:\Users\dere\Desktop\Rayぶち込み\_TA_\Debug\TA.lib" /MACHINE:X86 Debug\cCommon.obj
         Debug\CRay.obj
         Debug\DebugText.obj
         Debug\DX9Mesh.obj
         Debug\Main.obj
         Debug\Sound.obj
         Debug\Sprite.obj
         Debug\Sprite2D.obj
         TA.vcxproj -> C:\Users\dere\Desktop\Rayぶち込み\_TA_\Debug\TA.exe
     1>プロジェクト "C:\Users\dere\Desktop\Rayぶち込み\_TA_\TA\TA.vcxproj" (Build ターゲット) のビルドが完了しました。

ビルドに成功しました。

経過時間 00:00:01.03
