2018/10/19 13:37:24 にビルドを開始しました。
     1>ノード 2 上のプロジェクト "C:\Users\dere\Desktop\敵の動き(ノックバック準備まで)\_TA_\TA\TA.vcxproj" (Build ターゲット)。
     1>ClCompile:
         C:\Program Files (x86)\Microsoft Visual Studio 12.0\VC\bin\CL.exe /c /ZI /nologo /W3 /WX- /sdl /Od /Oy- /D _MBCS /Gm /EHsc /RTC1 /MDd /GS /fp:precise /Zc:wchar_t /Zc:forScope /Fo"Debug\\" /Fd"Debug\vc120.pdb" /Gd /TP /analyze- /errorReport:prompt Source\Main.cpp
         Main.cpp
         c:\program files (x86)\microsoft directx sdk (june 2010)\include\dinput.h: DIRECTINPUT_VERSION undefined. Defaulting to version 0x0800
     1>c:\users\dere\desktop\敵の動き(ノックバック準備まで)\_ta_\ta\source\main.cpp(465): warning C4305: '引数' : 'double' から 'FLOAT' へ切り詰めます。
     1>c:\users\dere\desktop\敵の動き(ノックバック準備まで)\_ta_\ta\source\main.cpp(573): warning C4244: '=' : 'float' から 'int' への変換です。データが失われる可能性があります。
     1>c:\users\dere\desktop\敵の動き(ノックバック準備まで)\_ta_\ta\source\main.cpp(574): warning C4244: '=' : 'float' から 'int' への変換です。データが失われる可能性があります。
     1>c:\users\dere\desktop\敵の動き(ノックバック準備まで)\_ta_\ta\source\main.cpp(575): warning C4244: '=' : 'float' から 'int' への変換です。データが失われる可能性があります。
     1>c:\users\dere\desktop\敵の動き(ノックバック準備まで)\_ta_\ta\source\main.cpp(576): warning C4244: '=' : 'float' から 'int' への変換です。データが失われる可能性があります。
     1>c:\users\dere\desktop\敵の動き(ノックバック準備まで)\_ta_\ta\source\main.cpp(580): warning C4305: '+=' : 'double' から 'float' へ切り詰めます。
     1>c:\users\dere\desktop\敵の動き(ノックバック準備まで)\_ta_\ta\source\main.cpp(585): warning C4305: '-=' : 'double' から 'float' へ切り詰めます。
     1>c:\users\dere\desktop\敵の動き(ノックバック準備まで)\_ta_\ta\source\main.cpp(591): warning C4305: '+=' : 'double' から 'float' へ切り詰めます。
     1>c:\users\dere\desktop\敵の動き(ノックバック準備まで)\_ta_\ta\source\main.cpp(596): warning C4305: '-=' : 'double' から 'float' へ切り詰めます。
     1>c:\users\dere\desktop\敵の動き(ノックバック準備まで)\_ta_\ta\source\main.cpp(629): warning C4244: '=' : 'float' から 'int' への変換です。データが失われる可能性があります。
     1>c:\users\dere\desktop\敵の動き(ノックバック準備まで)\_ta_\ta\source\main.cpp(630): warning C4244: '=' : 'float' から 'int' への変換です。データが失われる可能性があります。
     1>c:\users\dere\desktop\敵の動き(ノックバック準備まで)\_ta_\ta\source\main.cpp(631): warning C4244: '=' : 'float' から 'int' への変換です。データが失われる可能性があります。
     1>c:\users\dere\desktop\敵の動き(ノックバック準備まで)\_ta_\ta\source\main.cpp(632): warning C4244: '=' : 'float' から 'int' への変換です。データが失われる可能性があります。
     1>c:\users\dere\desktop\敵の動き(ノックバック準備まで)\_ta_\ta\source\main.cpp(636): warning C4305: '+=' : 'double' から 'float' へ切り詰めます。
     1>c:\users\dere\desktop\敵の動き(ノックバック準備まで)\_ta_\ta\source\main.cpp(641): warning C4305: '-=' : 'double' から 'float' へ切り詰めます。
     1>c:\users\dere\desktop\敵の動き(ノックバック準備まで)\_ta_\ta\source\main.cpp(647): warning C4305: '+=' : 'double' から 'float' へ切り詰めます。
     1>c:\users\dere\desktop\敵の動き(ノックバック準備まで)\_ta_\ta\source\main.cpp(652): warning C4305: '-=' : 'double' から 'float' へ切り詰めます。
     1>c:\users\dere\desktop\敵の動き(ノックバック準備まで)\_ta_\ta\source\main.cpp(726): warning C4305: '-=' : 'double' から 'float' へ切り詰めます。
     1>c:\users\dere\desktop\敵の動き(ノックバック準備まで)\_ta_\ta\source\main.cpp(727): warning C4244: '-=' : 'double' から 'float' への変換です。データが失われる可能性があります。
     1>c:\users\dere\desktop\敵の動き(ノックバック準備まで)\_ta_\ta\source\main.cpp(737): warning C4305: '-=' : 'double' から 'float' へ切り詰めます。
     1>c:\users\dere\desktop\敵の動き(ノックバック準備まで)\_ta_\ta\source\main.cpp(738): warning C4244: '+=' : 'double' から 'float' への変換です。データが失われる可能性があります。
     1>c:\users\dere\desktop\敵の動き(ノックバック準備まで)\_ta_\ta\source\main.cpp(754): warning C4305: '+=' : 'double' から 'float' へ切り詰めます。
     1>c:\users\dere\desktop\敵の動き(ノックバック準備まで)\_ta_\ta\source\main.cpp(809): warning C4305: '引数' : 'double' から 'FLOAT' へ切り詰めます。
       Link:
         C:\Program Files (x86)\Microsoft Visual Studio 12.0\VC\bin\link.exe /ERRORREPORT:PROMPT /OUT:"C:\Users\dere\Desktop\敵の動き(ノックバック準備まで)\_TA_\Debug\TA.exe" /INCREMENTAL /NOLOGO kernel32.lib user32.lib gdi32.lib winspool.lib comdlg32.lib advapi32.lib shell32.lib ole32.lib oleaut32.lib uuid.lib odbc32.lib odbccp32.lib /MANIFEST /MANIFESTUAC:"level='asInvoker' uiAccess='false'" /manifest:embed /DEBUG /PDB:"C:\Users\dere\Desktop\敵の動き(ノックバック準備まで)\_TA_\Debug\TA.pdb" /TLBID:1 /DYNAMICBASE /NXCOMPAT /IMPLIB:"C:\Users\dere\Desktop\敵の動き(ノックバック準備まで)\_TA_\Debug\TA.lib" /MACHINE:X86 Debug\cCommon.obj
         Debug\CRay.obj
         Debug\DebugText.obj
         Debug\DInput.obj
         Debug\DX9Mesh.obj
         Debug\Enemy.obj
         Debug\Main.obj
         Debug\Obstacle.obj
         Debug\Player.obj
         Debug\Scaffold.obj
         Debug\Sound.obj
         Debug\Sprite.obj
         Debug\Sprite2D.obj
         TA.vcxproj -> C:\Users\dere\Desktop\敵の動き(ノックバック準備まで)\_TA_\Debug\TA.exe
     1>プロジェクト "C:\Users\dere\Desktop\敵の動き(ノックバック準備まで)\_TA_\TA\TA.vcxproj" (Build ターゲット) のビルドが完了しました。

ビルドに成功しました。

経過時間 00:00:01.40
