c:\users\user\desktop\結合前二回目　8-22\_ta_\ta\release\vc120.pdb
c:\users\user\desktop\結合前二回目　8-22\_ta_\ta\release\sprite2d.obj
c:\users\user\desktop\結合前二回目　8-22\_ta_\ta\release\sprite.obj
c:\users\user\desktop\結合前二回目　8-22\_ta_\ta\release\sound.obj
c:\users\user\desktop\結合前二回目　8-22\_ta_\ta\release\main.obj
c:\users\user\desktop\結合前二回目　8-22\_ta_\ta\release\dx9mesh.obj
c:\users\user\desktop\結合前二回目　8-22\_ta_\ta\release\debugtext.obj
c:\users\user\desktop\結合前二回目　8-22\_ta_\ta\release\ccommon.obj
c:\users\user\desktop\結合前二回目　8-22\_ta_\release\debugtext.cso
c:\users\user\desktop\結合前二回目　8-22\_ta_\release\mesh.cso
c:\users\user\desktop\結合前二回目　8-22\_ta_\release\simple.cso
c:\users\user\desktop\結合前二回目　8-22\_ta_\release\sprite2d.cso
c:\users\user\desktop\結合前二回目　8-22\_ta_\release\ta.exe
c:\users\user\desktop\結合前二回目　8-22\_ta_\release\ta.pdb
c:\users\user\desktop\結合前二回目　8-22\_ta_\ta\release\ta.tlog\cl.command.1.tlog
c:\users\user\desktop\結合前二回目　8-22\_ta_\ta\release\ta.tlog\cl.read.1.tlog
c:\users\user\desktop\結合前二回目　8-22\_ta_\ta\release\ta.tlog\cl.write.1.tlog
c:\users\user\desktop\結合前二回目　8-22\_ta_\ta\release\ta.tlog\fxc.command.1.tlog
c:\users\user\desktop\結合前二回目　8-22\_ta_\ta\release\ta.tlog\fxc.read.1.tlog
c:\users\user\desktop\結合前二回目　8-22\_ta_\ta\release\ta.tlog\fxc.write.1.tlog
c:\users\user\desktop\結合前二回目　8-22\_ta_\ta\release\ta.tlog\link.command.1.tlog
c:\users\user\desktop\結合前二回目　8-22\_ta_\ta\release\ta.tlog\link.read.1.tlog
c:\users\user\desktop\結合前二回目　8-22\_ta_\ta\release\ta.tlog\link.write.1.tlog
c:\users\user\desktop\結合前二回目　8-22\_ta_\ta\release\ta.tlog\ta.write.1u.tlog
